2023/08/16 16:12:22 --- CONSULTA --- categoría: Buscar id // Cláusula: 4
2023/08/16 16:12:25 --- BAJA --- Id de la baja: 4
2023/08/16 16:15:29 --- ALTA ---El castillo // Franz Kafka // Cátedra
2023/08/16 16:15:35 --- CONSULTA --- categoría: Buscar id // Cláusula: 4
2023/08/16 16:16:11 --- ALTA ---La metamorfósis y otros cuentos // Franz Kafka // Cátedra
2023/08/16 16:16:13 --- CONSULTA --- categoría: Buscar id // Cláusula: 4
2023/08/16 16:16:27 --- ALTA ---El proceso // Franz Kafka // Colihue
2023/08/16 16:35:48 --- CONSULTA --- categoría: Buscar id // Cláusula: 5
2023/08/16 16:36:00 --- BAJA --- Id de la baja: 5
2023/08/16 16:38:54 --- CONSULTA --- categoría: Buscar id // Cláusula: 4
2023/08/16 16:38:55 --- CONSULTA --- categoría: Buscar id // Cláusula: 2
2023/08/16 16:39:46 --- CONSULTA --- categoría: Buscar id // Cláusula: 3
2023/08/16 16:39:47 --- CONSULTA --- categoría: Buscar id // Cláusula: 4
2023/08/16 16:39:48 --- CONSULTA --- categoría: Buscar id // Cláusula: 6
2023/08/16 16:39:48 --- CONSULTA --- categoría: Buscar id // Cláusula: 4
2023/08/16 16:39:49 --- CONSULTA --- categoría: Buscar id // Cláusula: 3
2023/08/16 16:39:49 --- CONSULTA --- categoría: Buscar id // Cláusula: 2
2023/08/16 16:39:49 --- CONSULTA --- categoría: Buscar id // Cláusula: 3
2023/08/16 16:39:50 --- CONSULTA --- categoría: Buscar id // Cláusula: 4
2023/08/16 16:39:50 --- CONSULTA --- categoría: Buscar id // Cláusula: 6
2023/08/16 16:39:50 --- CONSULTA --- categoría: Buscar id // Cláusula: 4
2023/08/16 16:39:51 --- CONSULTA --- categoría: Buscar id // Cláusula: 2
2023/08/16 16:39:51 --- CONSULTA --- categoría: Buscar id // Cláusula: 3
2023/08/16 16:39:52 --- CONSULTA --- categoría: Buscar id // Cláusula: 4
